{
  "RSpec": {
    "coverage": {
      "/Users/julia/RUBY/Ronin/diy_assistant/spec/rails_helper.rb": [
        null,
        1,
        1,
        null,
        1,
        1,
        1,
        1,
        1,
        null,
        null,
        null,
        null,
        null,
        null,
        null,
        null,
        null,
        null,
        null,
        null,
        null,
        null,
        null,
        null,
        null,
        null,
        null,
        null,
        null,
        1,
        null,
        1,
        null,
        1,
        null,
        null,
        null,
        null,
        1,
        null,
        null,
        null,
        null,
        null,
        null,
        null,
        null,
        null,
        null,
        null,
        null,
        null,
        null,
        1,
        null,
        null,
        1,
        null,
        null,
        null
      ],
      "/Users/julia/RUBY/Ronin/diy_assistant/config/environment.rb": [
        null,
        1,
        null,
        null,
        1
      ],
      "/Users/julia/RUBY/Ronin/diy_assistant/config/application.rb": [
        1,
        null,
        1,
        null,
        1,
        1,
        1,
        1,
        1,
        1,
        1,
        null,
        null,
        null,
        null,
        1,
        null,
        1,
        1,
        null,
        null,
        null,
        null,
        null,
        null,
        null,
        null,
        null,
        null,
        null,
        null,
        null,
        1,
        null,
        null
      ],
      "/Users/julia/RUBY/Ronin/diy_assistant/config/boot.rb": [
        1,
        null,
        1
      ],
      "/Users/julia/RUBY/Ronin/diy_assistant/config/environments/test.rb": [
        1,
        null,
        null,
        null,
        null,
        null,
        null,
        1,
        null,
        null,
        null,
        null,
        1,
        null,
        null,
        1,
        1,
        null,
        null,
        1,
        1,
        null,
        null,
        1,
        null,
        null,
        1,
        null,
        null,
        null,
        null,
        1,
        null,
        null,
        1,
        null,
        null,
        1,
        null,
        null,
        null,
        null
      ],
      "/Users/julia/RUBY/Ronin/diy_assistant/config/initializers/assets.rb": [
        null,
        null,
        null,
        1,
        null,
        null,
        null,
        null,
        null,
        null,
        null
      ],
      "/Users/julia/RUBY/Ronin/diy_assistant/config/initializers/backtrace_silencers.rb": [
        null,
        null,
        null,
        null,
        null,
        null,
        null
      ],
      "/Users/julia/RUBY/Ronin/diy_assistant/config/initializers/cookies_serializer.rb": [
        null,
        null,
        1
      ],
      "/Users/julia/RUBY/Ronin/diy_assistant/config/initializers/devise.rb": [
        null,
        null,
        1,
        null,
        null,
        null,
        null,
        null,
        null,
        null,
        null,
        null,
        null,
        null,
        1,
        null,
        null,
        null,
        null,
        null,
        null,
        null,
        null,
        null,
        null,
        null,
        1,
        null,
        null,
        null,
        null,
        null,
        null,
        null,
        null,
        null,
        null,
        null,
        null,
        null,
        null,
        null,
        null,
        null,
        null,
        null,
        null,
        null,
        1,
        null,
        null,
        null,
        null,
        1,
        null,
        null,
        null,
        null,
        null,
        null,
        null,
        null,
        null,
        null,
        null,
        null,
        null,
        null,
        null,
        null,
        null,
        null,
        null,
        null,
        null,
        null,
        null,
        null,
        null,
        null,
        null,
        null,
        null,
        null,
        1,
        null,
        null,
        null,
        null,
        null,
        null,
        null,
        null,
        null,
        null,
        null,
        null,
        null,
        null,
        null,
        null,
        null,
        null,
        null,
        null,
        null,
        null,
        1,
        null,
        null,
        null,
        null,
        null,
        null,
        null,
        null,
        null,
        null,
        null,
        null,
        null,
        null,
        null,
        null,
        null,
        null,
        null,
        null,
        null,
        null,
        null,
        null,
        null,
        null,
        null,
        1,
        null,
        null,
        null,
        null,
        null,
        null,
        null,
        null,
        null,
        1,
        null,
        null,
        null,
        null,
        null,
        null,
        null,
        null,
        null,
        null,
        1,
        null,
        null,
        null,
        null,
        1,
        null,
        null,
        null,
        null,
        null,
        null,
        null,
        null,
        null,
        null,
        null,
        null,
        null,
        null,
        null,
        null,
        null,
        null,
        null,
        null,
        null,
        null,
        null,
        null,
        null,
        null,
        null,
        null,
        null,
        null,
        null,
        null,
        null,
        null,
        null,
        null,
        null,
        null,
        null,
        null,
        1,
        null,
        null,
        null,
        null,
        null,
        null,
        null,
        null,
        null,
        null,
        null,
        null,
        null,
        null,
        null,
        null,
        null,
        null,
        null,
        null,
        null,
        null,
        null,
        null,
        null,
        null,
        null,
        null,
        null,
        null,
        null,
        null,
        null,
        null,
        null,
        null,
        null,
        null,
        null,
        null,
        null,
        1,
        null,
        null,
        null,
        null,
        null,
        null,
        null,
        null,
        null,
        null,
        null,
        null,
        null,
        null,
        null,
        null,
        null,
        null,
        null,
        null,
        null,
        null,
        null,
        null,
        null,
        null,
        null,
        null,
        null
      ],
      "/Users/julia/RUBY/Ronin/diy_assistant/config/initializers/filter_parameter_logging.rb": [
        null,
        null,
        null,
        1
      ],
      "/Users/julia/RUBY/Ronin/diy_assistant/config/initializers/friendly_id.rb": [
        null,
        null,
        null,
        null,
        null,
        null,
        null,
        null,
        null,
        null,
        null,
        1,
        null,
        null,
        null,
        null,
        1,
        null,
        1,
        null,
        null,
        null,
        null,
        null,
        null,
        null,
        null,
        null,
        null,
        null,
        null,
        null,
        null,
        null,
        null,
        null,
        null,
        null,
        null,
        null,
        null,
        null,
        null,
        null,
        null,
        null,
        null,
        null,
        null,
        null,
        null,
        null,
        null,
        null,
        null,
        null,
        null,
        null,
        null,
        null,
        null,
        null,
        null,
        null,
        null,
        null,
        null,
        null,
        null,
        null,
        null,
        null,
        null,
        null,
        null,
        null,
        null,
        null,
        null,
        null,
        null,
        null,
        null,
        null,
        null,
        null,
        null,
        null
      ],
      "/Users/julia/RUBY/Ronin/diy_assistant/config/initializers/inflections.rb": [
        null,
        null,
        null,
        null,
        null,
        null,
        null,
        null,
        null,
        null,
        null,
        null,
        null,
        null,
        null,
        null
      ],
      "/Users/julia/RUBY/Ronin/diy_assistant/config/initializers/mime_types.rb": [
        null,
        null,
        null,
        null
      ],
      "/Users/julia/RUBY/Ronin/diy_assistant/config/initializers/session_store.rb": [
        null,
        null,
        1
      ],
      "/Users/julia/RUBY/Ronin/diy_assistant/config/initializers/wrap_parameters.rb": [
        null,
        null,
        null,
        null,
        null,
        null,
        1,
        1,
        null,
        null,
        null,
        null,
        null,
        null
      ],
      "/Users/julia/RUBY/Ronin/diy_assistant/config/routes.rb": [
        1,
        null,
        1,
        null,
        1,
        null,
        1,
        1,
        1,
        null,
        null
      ],
      "/Users/julia/RUBY/Ronin/diy_assistant/app/models/user.rb": [
        1,
        null,
        null,
        1,
        null,
        null,
        1,
        null
      ],
      "/Users/julia/RUBY/Ronin/diy_assistant/app/helpers/application_helper.rb": [
        1,
        null
      ],
      "/Users/julia/RUBY/Ronin/diy_assistant/app/helpers/categories_helper.rb": [
        1,
        null
      ],
      "/Users/julia/RUBY/Ronin/diy_assistant/app/helpers/home_helper.rb": [
        1,
        null
      ],
      "/Users/julia/RUBY/Ronin/diy_assistant/app/helpers/instructions_helper.rb": [
        1,
        null
      ],
      "/Users/julia/RUBY/Ronin/diy_assistant/app/helpers/searches_helper.rb": [
        1,
        null
      ],
      "/Users/julia/RUBY/Ronin/diy_assistant/spec/support/database_cleaner.rb": [
        1,
        null,
        1,
        1,
        null,
        null,
        1,
        12,
        null,
        null,
        1,
        0,
        null,
        null,
        1,
        12,
        null,
        null,
        1,
        12,
        null,
        null
      ],
      "/Users/julia/RUBY/Ronin/diy_assistant/spec/helpers/web_helper.rb": [
        1,
        8,
        8,
        8,
        8,
        8,
        null,
        null,
        1,
        null,
        4,
        4,
        4,
        4,
        4,
        4,
        null
      ],
      "/Users/julia/RUBY/Ronin/diy_assistant/spec/features/categories_feature_spec.rb": [
        1,
        1,
        1,
        1,
        1,
        1,
        1,
        1,
        1,
        1,
        1,
        1,
        null,
        null,
        1,
        1,
        1,
        1,
        1,
        1,
        8,
        null,
        null,
        null,
        1,
        1,
        1,
        1,
        1,
        1,
        1,
        null,
        null,
        null
      ],
      "/Users/julia/RUBY/Ronin/diy_assistant/spec/features/instructions_features_spec.rb": [
        1,
        1,
        1,
        1,
        1,
        1,
        1,
        1,
        null,
        1,
        1,
        null,
        null,
        1,
        1,
        1,
        1,
        1,
        1,
        1,
        1,
        null,
        1,
        1,
        null,
        null,
        1,
        1,
        1,
        1,
        null,
        1,
        1,
        null,
        null,
        1,
        1,
        1,
        1,
        null,
        null,
        null
      ],
      "/Users/julia/RUBY/Ronin/diy_assistant/spec/features/pagination_feature_spec.rb": [
        1,
        1,
        1,
        null,
        10,
        10,
        1,
        null,
        null,
        1,
        1,
        1,
        1,
        1,
        1,
        null,
        null
      ],
      "/Users/julia/RUBY/Ronin/diy_assistant/spec/features/search_feature_spec.rb": [
        1,
        1,
        1,
        1,
        1,
        1,
        1,
        1,
        1,
        null,
        null
      ],
      "/Users/julia/RUBY/Ronin/diy_assistant/spec/features/users_management_spec.rb": [
        null,
        null,
        1,
        1,
        1,
        1,
        1,
        1,
        1,
        1,
        1,
        1,
        null,
        1,
        1,
        1,
        1,
        1,
        1,
        1,
        1,
        1,
        null,
        1,
        1,
        1,
        1,
        null,
        null,
        null,
        null,
        null
      ],
      "/Users/julia/RUBY/Ronin/diy_assistant/app/controllers/application_controller.rb": [
        1,
        null,
        null,
        1,
        null
      ],
      "/Users/julia/RUBY/Ronin/diy_assistant/app/controllers/home_controller.rb": [
        1,
        null,
        1,
        22,
        null,
        null,
        null
      ],
      "/Users/julia/RUBY/Ronin/diy_assistant/app/models/category.rb": [
        1,
        1,
        null
      ],
      "/Users/julia/RUBY/Ronin/diy_assistant/app/controllers/instructions_controller.rb": [
        1,
        1,
        null,
        1,
        7,
        7,
        null,
        null,
        1,
        7,
        7,
        6,
        null,
        1,
        1,
        null,
        null,
        null,
        1,
        6,
        null,
        null,
        1,
        null,
        1,
        7,
        null,
        null
      ],
      "/Users/julia/RUBY/Ronin/diy_assistant/app/models/instruction.rb": [
        1,
        1,
        1,
        null,
        1,
        1,
        null,
        null,
        1,
        null,
        null,
        null,
        1,
        1,
        null,
        1,
        1,
        null
      ],
      "/Users/julia/RUBY/Ronin/diy_assistant/app/controllers/categories_controller.rb": [
        1,
        null,
        1,
        1,
        1,
        null,
        null
      ],
      "/Users/julia/RUBY/Ronin/diy_assistant/app/controllers/searches_controller.rb": [
        1,
        null,
        1,
        3,
        null,
        null,
        null,
        null
      ]
    },
    "timestamp": 1472810679
  }
}
