{
  "RSpec": {
    "coverage": {
      "/Users/ogirginc/Developer/Makers/diy_assistant/app/controllers/application_controller.rb": [
        1,
        null,
        null,
        1,
        null
      ],
      "/Users/ogirginc/Developer/Makers/diy_assistant/app/controllers/home_controller.rb": [
        1,
        null,
        1,
        20,
        null,
        null,
        null
      ],
      "/Users/ogirginc/Developer/Makers/diy_assistant/app/models/category.rb": [
        1,
        1,
        null
      ],
      "/Users/ogirginc/Developer/Makers/diy_assistant/app/controllers/instructions_controller.rb": [
        1,
        1,
        7,
        7,
        null,
        null,
        1,
        7,
        7,
        6,
        null,
        1,
        1,
        null,
        null,
        null,
        1,
        6,
        null,
        null,
        1,
        null,
        1,
        7,
        null,
        null
      ],
      "/Users/ogirginc/Developer/Makers/diy_assistant/app/models/instruction.rb": [
        1,
        1,
        1,
        null,
        1,
        1,
        null,
        null,
        1,
        null,
        null,
        null,
        1,
        1,
        null,
        1,
        1,
        null
      ],
      "/Users/ogirginc/Developer/Makers/diy_assistant/app/controllers/categories_controller.rb": [
        1,
        null,
        1,
        1,
        1,
        null,
        null
      ],
      "/Users/ogirginc/Developer/Makers/diy_assistant/app/controllers/searches_controller.rb": [
        1,
        null,
        1,
        1,
        null,
        null,
        null
      ],
      "/Users/ogirginc/Developer/Makers/diy_assistant/app/helpers/application_helper.rb": [
        0,
        0
      ],
      "/Users/ogirginc/Developer/Makers/diy_assistant/app/helpers/categories_helper.rb": [
        0,
        0
      ],
      "/Users/ogirginc/Developer/Makers/diy_assistant/app/helpers/home_helper.rb": [
        0,
        0
      ],
      "/Users/ogirginc/Developer/Makers/diy_assistant/app/helpers/instructions_helper.rb": [
        0,
        0
      ],
      "/Users/ogirginc/Developer/Makers/diy_assistant/app/helpers/searches_helper.rb": [
        0,
        0
      ],
      "/Users/ogirginc/Developer/Makers/diy_assistant/app/models/user.rb": [
        0,
        0,
        0,
        0,
        0,
        0,
        0,
        0
      ]
    },
    "timestamp": 1472770049
  }
}
